<?xml version="1.0" encoding="UTF-8"?>
<beans xmlns="http://www.springframework.org/schema/beans"
       xmlns:xsi="http://www.w3.org/2001/XMLSchema-instance"
       xmlns:p="http://www.springframework.org/schema/p"
       xmlns:tx="http://www.springframework.org/schema/tx"
       xmlns:mvc="http://www.springframework.org/schema/mvc"
       xmlns:context="http://www.springframework.org/schema/context"
       xsi:schemaLocation="http://www.springframework.org/schema/beans http://www.springframework.org/schema/beans/spring-beans-2.5.xsd

   http://www.springframework.org/schema/tx http://www.springframework.org/schema/tx/spring-tx-4.1.xsd
   http://www.springframework.org/schema/mvc http://www.springframework.org/schema/mvc/spring-mvc.xsd http://www.springframework.org/schema/context http://www.springframework.org/schema/context/spring-context.xsd">
   
    <mvc:annotation-driven/>
    
    <context:component-scan base-package="com.kpi"/>

    <bean id="viewResolver"
          class="org.springframework.web.servlet.view.InternalResourceViewResolver"
          p:prefix="/WEB-INF/jsp/"
          p:suffix=".jsp"/>
          
   <bean class="org.springframework.beans.factory.config.PropertyPlaceholderConfigurer">
      <property name="location">
         <value>properties/database.properties</value>
      </property>
   </bean>
          
   <bean id="sessionFactory" class="org.springframework.orm.hibernate4.LocalSessionFactoryBean">
      <property name="dataSource">
         <ref bean="dataSource"/>
      </property>
         
      <property name="hibernateProperties">
         <props>
            <prop key="show_sql">true</prop>
            <prop key="hibernate.dialect">org.hibernate.dialect.MySQLDialect</prop>
            <prop key="hibernate.transaction.factory_class">org.hibernate.engine.transaction.internal.jdbc.JdbcTransactionFactory</prop>
            <prop key="hibernate.enable_lazy_load_no_trans">true</prop>
         </props>
      </property>
   
      <property name="annotatedClasses">
         <list>
            <value>com.kpi.model.Project</value>
            <value>com.kpi.model.Kpi</value>
         </list>
      </property>
</bean>
   
   <bean id="dataSource" class="org.springframework.jdbc.datasource.DriverManagerDataSource">
      <property name="driverClassName" value="${jdbc.driverClassName}" />
      <property name="url" value="${jdbc.url}" />
      <property name="username" value="${jdbc.username}" />
      <property name="password" value="${jdbc.password}" />
   </bean>
   
   <tx:annotation-driven transaction-manager="transactionManager"/>
   <bean id="transactionManager" class="org.springframework.orm.hibernate4.HibernateTransactionManager">
      <property name="sessionFactory" ref="sessionFactory"/>
   </bean>
</beans>
